== Запланированные фичи ==
1. Пофиксить баг, когда время выходит за пределы                        
2. Исправить баг, из-за которого не совпадает клик и трекер времени
3. Сделать прогресс бар загрузки                                        -
4. Продумать дизайн плеера                                             
5. Сделать более удобное добавление книг и сделать несколько режимов   
6. Сделать функцию редактирование книг                                 !
7. Сделать функцию поиска в каталоге
8. Сделать функцию добавления файлов изображения и аудио
9. Сделать fb2 риадер и добавление fb2 файлов
10. Добавить блок с мета данными книги                              
11. Сделать блок авторы
12. Сделать в списке глав, время каждой главы
13. Сделать оценку книги                                                
14. Возможность скачать главу
15. Добавить возможность скачать всю книгу
16. Сделать сохранение громкости в localhost
17. Чтобы при отсутсвии интернета все сохранялось в локалку. А при загрузке  интернета сохранялось в облаке
18. Страница создание новой книги, статусы проверка и остальное
19. Реадер, и подключение его к основному сайту
20. Реадер и сохранение на сервере информации о том где остановился пользователь
21. Страница редактирования книги + добавления файлов к ней
22. Изменение изображения и имени пользователя
23. Форматированный текст, параграфы начинаются с табом, глава по центру, с отступами по бокам
24. Внизу строка прогресса, с главами количеством страниц текущей страницей 
25. Компонент с главами, страницами этих глав и возможностью их выбора
26. Вернуться к книге, оглавления сверху и логотип
27. Перемещение по страницам по средству нажатия на бокам, а по центру открывать шторки с настройками
28. Настройки
29. Написать функцию трим и улучшить качество страницы добавления новой книги
30. Сделать возможным или невозможным прослушивние книги если нет аудиофайлов
31. Сделать профиль пользователя
32. Сделать возможность редактировать статус прочтения книги самостоятельно
33. Сделать нормальный режим заполнения при добавлении новой книги
34. При переключении страницы в каталоге перемещать на верх страницы

== Bug list ==

1. Изображения в коллекции отображается над плеером
2. При удалении книги, список передается неправильно
3. При открытом плеере не помещаются отзывы на страницей
4. У плеера цветовая гамма другая
5. Если в произведении нет больших букв, строки сливаются
